[2026-01-06T15:29:09.414Z] Login attempt for: admin@coachverse.com
[2026-01-06T15:29:09.598Z] Password match for admin@coachverse.com: true
[2026-01-06T15:30:02.498Z] Login attempt for: hanikumar064@gmail.com
[2026-01-06T15:30:02.644Z] User not found for: hanikumar064@gmail.com
[2026-01-06T15:30:55.286Z] Login attempt for: hanikumar064@gmail.com
[2026-01-06T15:30:55.485Z] Password match for hanikumar064@gmail.com: true
[2026-01-06T15:37:13.662Z] Login attempt for: hanikumar064@gmail.com
[2026-01-06T15:37:13.865Z] Password match for hanikumar064@gmail.com: true
[2026-01-06T15:44:25.098Z] Login attempt for: hanikumar064@gmail.com
[2026-01-06T15:44:25.179Z] User not found for: hanikumar064@gmail.com
[2026-01-06T15:55:55.908Z] Login attempt for: hanikumar064@gmail.com
[2026-01-06T15:55:56.232Z] Password match for hanikumar064@gmail.com: true
[2026-01-06T16:05:56.468Z] Login attempt for: test2@example.com
[2026-01-06T16:05:56.671Z] Password match for test2@example.com: true
[2026-01-06T16:06:00.011Z] Login attempt for: hanikumar064@gmail.com
[2026-01-06T16:06:00.263Z] Password match for hanikumar064@gmail.com: true
[2026-01-06T16:20:43.641Z] Login attempt for: hanikumar064@gmail.com
[2026-01-06T16:20:43.856Z] Password match for hanikumar064@gmail.com: true
[2026-01-06T16:25:57.513Z] Login attempt for: hanikumar064@gmail.com
[2026-01-06T16:25:57.814Z] Password match for hanikumar064@gmail.com: true
[2026-01-06T16:36:31.775Z] Login attempt for: hanikumar064@gmail.com
[2026-01-06T16:36:31.996Z] Password match for hanikumar064@gmail.com: true
[2026-01-06T16:38:52.953Z] Login attempt for: hanikumar064@gmail.com
[2026-01-06T16:38:53.165Z] Password match for hanikumar064@gmail.com: true
[2026-01-06T16:44:43.736Z] Login attempt for: hanikumar064@gmail.com
[2026-01-06T16:44:43.956Z] Password match for hanikumar064@gmail.com: true
[2026-01-07T15:44:51.720Z] Login attempt for: hanikumar064@gmail.com
[2026-01-07T15:44:51.979Z] Password match for hanikumar064@gmail.com: true
[2026-01-07T16:39:11.780Z] Login attempt for: hanikumar064@gmail.com
[2026-01-07T16:39:11.967Z] Password match for hanikumar064@gmail.com: true
[2026-01-07T16:39:46.138Z] Login attempt for: hanikumar064@gmail.com
[2026-01-07T16:39:46.290Z] Password match for hanikumar064@gmail.com: true
[2026-01-07T16:41:04.233Z] Login attempt for: hanikumar064@gmail.com
[2026-01-07T16:41:04.497Z] Password match for hanikumar064@gmail.com: true
[2026-01-07T16:57:42.874Z] Login attempt for: hanikumar064@gmail.com
[2026-01-07T16:57:43.019Z] Password match for hanikumar064@gmail.com: true
[2026-01-07T17:04:29.303Z] Login attempt for: hanikumar064@gmail.com
[2026-01-07T17:04:29.493Z] Password match for hanikumar064@gmail.com: true
[2026-01-08T07:30:24.807Z] Login attempt for: hanikumar064@gmail.com
[2026-01-08T07:30:25.050Z] Password match for hanikumar064@gmail.com: true
[2026-01-08T07:30:58.756Z] Login attempt for: test2@example.com
[2026-01-08T07:30:59.025Z] Password match for test2@example.com: true
[2026-01-08T07:31:48.371Z] Login attempt for: test2@example.com
[2026-01-08T07:31:48.874Z] Password match for test2@example.com: true
[2026-01-08T07:39:53.630Z] Login attempt for: hanikumar064@gmail.com
[2026-01-08T07:39:53.779Z] Password match for hanikumar064@gmail.com: false
[2026-01-08T07:40:00.500Z] Login attempt for: hanikumar064@gmail.com
[2026-01-08T07:40:00.598Z] Password match for hanikumar064@gmail.com: false
[2026-01-08T07:40:16.230Z] Login attempt for: hanikumar064@gmail.com
[2026-01-08T07:40:16.333Z] Password match for hanikumar064@gmail.com: true
[2026-01-08T07:42:50.073Z] Login attempt for: hanikumar064@gmail.com
[2026-01-08T07:42:50.238Z] Password match for hanikumar064@gmail.com: true
[2026-01-08T07:55:48.025Z] Login attempt for: hanikumar064@gmail.com
[2026-01-08T07:55:48.216Z] Password match for hanikumar064@gmail.com: true
[2026-01-08T08:03:51.116Z] Login attempt for: hanikumar064@gmail.com
[2026-01-08T08:03:51.587Z] Password match for hanikumar064@gmail.com: true
